[qvto:transformation] Creating Bundle AdverseEventReporting
[qvto:transformation] Creating Bundle Consultation
[qvto:transformation] Creating Bundle Common
[qvto:transformation] Creating Bundle Prosthetics
[qvto:transformation] Creating Bundle Allergies
[qvto:transformation] Creating Root Syntax Node ReactionObservation
[qvto:transformation] Creating Root Syntax Node IntoleranceCondition
[qvto:transformation] Creating Bundle ClinicalDecisionSupport
[qvto:transformation] Creating Bundle PatientEducation
[qvto:transformation] Creating Bundle HealthConcern
[qvto:transformation] Creating Root Syntax Node HealthConcern
[qvto:transformation] Creating Bundle WomensHealth
[qvto:transformation] Creating Bundle Provider
[qvto:transformation] Creating Bundle EnrollEligCOB
[qvto:transformation] Creating Bundle SpinalCord
[qvto:transformation] Creating Bundle Immunization
[qvto:transformation] Creating Bundle Surgery
[qvto:transformation] Creating Bundle VitalSigns
[qvto:transformation] Creating Bundle Orders
[qvto:transformation] Creating Bundle Encounter
[qvto:transformation] Creating Bundle HomeBasedPrimaryCare
[qvto:transformation] Creating Bundle Dietetics
[qvto:transformation] Creating Bundle Assessment
[qvto:transformation] Creating Bundle OncologyRegistry
[qvto:transformation] Creating Bundle CarePlan
[qvto:transformation] Creating Bundle SecurityAndPrivacy
[qvto:transformation] Creating Bundle SocialWork
[qvto:transformation] Creating Bundle Pharmacy
[qvto:transformation] Creating Bundle Person
[qvto:transformation] Creating Root Syntax Node Person
[qvto:transformation] Creating Root Syntax Node Patient
[qvto:transformation] Creating Root Syntax Node HumanPatient
[qvto:transformation] Creating Bundle BehavioralHealth
[qvto:transformation] Creating Bundle Datatypes
[qvto:transformation] Creating Bundle ClinicalObservation
[qvto:transformation] Creating Root Syntax Node Observation
[qvto:transformation] Creating Bundle Imaging
[qvto:transformation] Creating Bundle BloodBank
[qvto:transformation] Creating Bundle Lab
[qvto:transformation] Creating Bundle AudiologyAndSpeechPathology
[qvto:transformation] Creating Bundle ClinicalDocument
[qvto:transformation] Creating Bundle Dental
[qvto:transformation] Creating Bundle PublicHealthReporting
[qvto:transformation] Transformation 'platform:/plugin/org.mdmi.qvt.transforms/transforms/FHIM2Mdmi.qvto' has been executed
     [copy] Copying 1 file to /Users/seanmuir/Documents/runtime-EclipseApplicationMDMIAccelepfubar/FHIM/map
[mdmiExport] Model has been exported to XMI
BUILD SUCCESSFUL

BUILD SUCCESSFUL
