   [delete] Deleting: /Users/seanmuir/Documents/runtime-EclipseApplicationMDMIAccelepfubar/CDA/map/cdamap.mdmi
[qvto:transformation] Creating Root Syntax Node ContinuityOfCareDocument
[qvto:transformation] NEED MAPFILE ContainerToADMap.js
[qvto:transformation] NEED CONVERSION ContainerToAD.js for Encounter
[qvto:transformation] NEED MAPFILE ADToContainerMap.js
[qvto:transformation] NEED CONVERSION ADToContainer.js for Encounter
[qvto:transformation] NEED MAPFILE ContainerToADMap.js
[qvto:transformation] NEED MAPFILE ADToContainerMap.js
[qvto:transformation] NEED MAPFILE ContainerToADMap.js
[qvto:transformation] NEED MAPFILE ADToContainerMap.js
[qvto:transformation] NEED MAPFILE ContainerToADMap.js
[qvto:transformation] NEED MAPFILE ADToContainerMap.js
[qvto:transformation] NEED MAPFILE DateRangeToIVL_TSMap.js
[qvto:transformation] NEED CONVERSION DateRangeToIVL_TS.js for ResultsObservationEffectiveTime
[qvto:transformation] NEED MAPFILE IVL_TSToDateRangeMap.js
[qvto:transformation] NEED CONVERSION IVL_TSToDateRange.js for ResultsObservationEffectiveTime
[qvto:transformation] NEED MAPFILE DateRangeToIVL_TSMap.js
[qvto:transformation] NEED MAPFILE IVL_TSToDateRangeMap.js
[qvto:transformation] NEED MAPFILE DateTimeToANYMap.js
[qvto:transformation] NEED CONVERSION DateTimeToANY.js for PregnancyEstimatedDeliveryDate
[qvto:transformation] NEED MAPFILE ANYToDateTimeMap.js
[qvto:transformation] NEED CONVERSION ANYToDateTime.js for PregnancyEstimatedDeliveryDate
[qvto:transformation] NEED MAPFILE DateRangeToIVL_TSMap.js
[qvto:transformation] NEED MAPFILE IVL_TSToDateRangeMap.js
[qvto:transformation] NEED MAPFILE DateRangeToIVL_TSMap.js
[qvto:transformation] NEED MAPFILE IVL_TSToDateRangeMap.js
[qvto:transformation] 
[qvto:transformation] 
[qvto:transformation] 
[qvto:transformation] 
[qvto:transformation] 
[qvto:transformation] 
[qvto:transformation] 
[qvto:transformation] 
[qvto:transformation] 
[qvto:transformation] 
[qvto:transformation] 
[qvto:transformation] 
[qvto:transformation] 
[qvto:transformation] 
[qvto:transformation] 
[qvto:transformation] 
[qvto:transformation] 
[qvto:transformation] 
[qvto:transformation] 
[qvto:transformation] 
[qvto:transformation] 
[qvto:transformation] 
[qvto:transformation] 
[qvto:transformation] 
[qvto:transformation] 
[qvto:transformation] 
[qvto:transformation] 
[qvto:transformation] 
[qvto:transformation] 
[qvto:transformation] 
[qvto:transformation] 
[qvto:transformation] 
[qvto:transformation] 
[qvto:transformation] 
[qvto:transformation] 
[qvto:transformation] 
[qvto:transformation] 
[qvto:transformation] 
[qvto:transformation] 
[qvto:transformation] 
[qvto:transformation] 
[qvto:transformation] 
[qvto:transformation] 
[qvto:transformation] 
[qvto:transformation] 
[qvto:transformation] 
[qvto:transformation] 
[qvto:transformation] 
[qvto:transformation] 
[qvto:transformation] 
[qvto:transformation] 
[qvto:transformation] 
[qvto:transformation] 
[qvto:transformation] 
[qvto:transformation] 
[qvto:transformation] 
[qvto:transformation] 
[qvto:transformation] 
[qvto:transformation] 
[qvto:transformation] 
[qvto:transformation] 
[qvto:transformation] 
[qvto:transformation] 
[qvto:transformation] 
[qvto:transformation] 
[qvto:transformation] 
[qvto:transformation] 
[qvto:transformation] 
[qvto:transformation] 
[qvto:transformation] 
[qvto:transformation] 
[qvto:transformation] 
[qvto:transformation] 
[qvto:transformation] 
[qvto:transformation] 
[qvto:transformation] 
[qvto:transformation] 
[qvto:transformation] 
[qvto:transformation] 
[qvto:transformation] 
[qvto:transformation] 
[qvto:transformation] 
[qvto:transformation] 
[qvto:transformation] 
[qvto:transformation] 
[qvto:transformation] 
[qvto:transformation] 
[qvto:transformation] 
[qvto:transformation] 
[qvto:transformation] 
[qvto:transformation] 
[qvto:transformation] 
[qvto:transformation] 
[qvto:transformation] 
[qvto:transformation] 
[qvto:transformation] 
[qvto:transformation] 
[qvto:transformation] 
[qvto:transformation] 
[qvto:transformation] 
[qvto:transformation] 
[qvto:transformation] 
[qvto:transformation] 
[qvto:transformation] 
[qvto:transformation] 
[qvto:transformation] 
[qvto:transformation] 
[qvto:transformation] 
[qvto:transformation] 
[qvto:transformation] 
[qvto:transformation] 
[qvto:transformation] 
[qvto:transformation] 
[qvto:transformation] 
[qvto:transformation] 
[qvto:transformation] 
[qvto:transformation] 
[qvto:transformation] 
[qvto:transformation] 
[qvto:transformation] 
[qvto:transformation] 
[qvto:transformation] 
[qvto:transformation] 
[qvto:transformation] 
[qvto:transformation] 
[qvto:transformation] 
[qvto:transformation] 
[qvto:transformation] 
[qvto:transformation] 
[qvto:transformation] 
[qvto:transformation] 
[qvto:transformation] 
[qvto:transformation] 
[qvto:transformation] 
[qvto:transformation] 
[qvto:transformation] 
[qvto:transformation] 
[qvto:transformation] 
[qvto:transformation] 
[qvto:transformation] 
[qvto:transformation] 
[qvto:transformation] 
[qvto:transformation] 
[qvto:transformation] 
[qvto:transformation] 
[qvto:transformation] Transformation 'platform:/plugin/org.mdmi.qvt.transforms/transforms/Cda2Mdmi.qvto' has been executed
   [delete] Deleting: /Users/seanmuir/Documents/runtime-EclipseApplicationMDMIAccelepfubar/CDA/map/cdamap.xmi
     [copy] Copying 1 file to /Users/seanmuir/Documents/runtime-EclipseApplicationMDMIAccelepfubar/CDA/map
[mdmiExport] Model has been exported to XMI
BUILD SUCCESSFUL

BUILD SUCCESSFUL
