[qvto:transformation] Creating Bundle Class Model
[qvto:transformation] Creating Bundle Skin
[qvto:transformation] Creating Bundle Factor
[qvto:transformation] Creating Bundle Consult
[qvto:transformation] Creating Bundle Procedure
[qvto:transformation] Creating Bundle Order
[qvto:transformation] Creating Bundle CPT
[qvto:transformation] Creating Bundle VistA
[qvto:transformation] Creating Bundle Common
[qvto:transformation] Creating Bundle Appointment
[qvto:transformation] Creating Bundle DataTypes
[qvto:transformation] Creating Bundle Image
[qvto:transformation] Creating Bundle Patient
[qvto:transformation] Creating Bundle POV
[qvto:transformation] Creating Bundle Allergies
[qvto:transformation] Creating Root Syntax Node Allergy
[qvto:transformation] Mapped ID = 99184840-a095-41b1-b361-ce05425e0352
[qvto:transformation] Creating Bundle Education
[qvto:transformation] Creating Bundle Document
[qvto:transformation] Creating Bundle Problem
[qvto:transformation] Creating Root Syntax Node Problem
[qvto:transformation] Mapped ID = 74848045-870d-4cf7-ae23-6e7d5751621d
[qvto:transformation] Mapped ID = 3da9e241-9af8-43bd-a0d4-674b9b7e464e
[qvto:transformation] Mapped ID = 1e9e2a0b-ba99-4c0e-beae-3a527d6490c1
[qvto:transformation] Mapped ID = 5e566e5b-f7f8-4458-8002-04dd59b3a1d6
[qvto:transformation] Mapped ID = 9ff65a76-3d51-47c9-b2f0-518080214f3c
[qvto:transformation] Mapped ID = c3d9a923-8c9c-4611-b8bf-a8e7456c2bba
[qvto:transformation] Mapped ID = dcb24f5a-3e8f-43a4-8a00-e219ecbf87b9
[qvto:transformation] Mapped ID = b0abfc42-a8c2-442d-993a-1680fa9b1f8b
[qvto:transformation] Creating Bundle MentalHealth
[qvto:transformation] Creating Bundle Exam
[qvto:transformation] Creating Bundle PTF
[qvto:transformation] Creating Bundle Lab
[qvto:transformation] Creating Bundle Med
[qvto:transformation] Creating Bundle Immunization
[qvto:transformation] Creating Bundle Surgery
[qvto:transformation] Creating Bundle VitalSigns
[qvto:transformation] Creating Root Syntax Node VitalSignObservation
[qvto:transformation] Mapped ID = c3d121c5-eb50-40fe-b72e-a4c342d901e6
[qvto:transformation] Transformation 'platform:/resource/org.mdmi.qvtcda/transforms/VPR2Mdmi.qvto' has been executed
BUILD SUCCESSFUL

BUILD SUCCESSFUL
