   [delete] Deleting: /Users/seanmuir/Documents/runtime-EclipseApplicationMDMIAccelepfubar/FPGDOD/map/dodcdrproblems.mdmi
[qvto:transformation] CDRDOD
[qvto:transformation] CDRDOD::Problem
[qvto:transformation] Problem.DATA_RECORD
[qvto:transformation] Looking for -->Problem.DATA_RECORD
[qvto:transformation] Have --Problem.DATA_RECORD.EDIPI
[qvto:transformation] invalid
[qvto:transformation] Problem.ONSET_DATE
[qvto:transformation] Looking for -->Problem.ONSET_DATE
[qvto:transformation] Have --Problem.DATA_RECORD.EDIPI
[qvto:transformation] CDRDOD::Problem::DATA_RECORD::ONSET_DATE
[qvto:transformation] invalid
[qvto:transformation] Problem.CREATION_TIME
[qvto:transformation] Looking for -->Problem.CREATION_TIME
[qvto:transformation] Have --Problem.DATA_RECORD.EDIPI
[qvto:transformation] CDRDOD::Problem::DATA_RECORD::CREATION_TIME
[qvto:transformation] invalid
[qvto:transformation] Problem.MONIKER
[qvto:transformation] Looking for -->Problem.MONIKER
[qvto:transformation] Have --Problem.DATA_RECORD.EDIPI
[qvto:transformation] CDRDOD::Problem::DATA_RECORD::MONIKER
[qvto:transformation] invalid
[qvto:transformation] Problem.STATUS_NCID
[qvto:transformation] Looking for -->Problem.STATUS_NCID
[qvto:transformation] Have --Problem.DATA_RECORD.EDIPI
[qvto:transformation] CDRDOD::Problem::DATA_RECORD::STATUS_NCID
[qvto:transformation] invalid
[qvto:transformation] Problem.CLINICIAN_NAME
[qvto:transformation] Looking for -->Problem.CLINICIAN_NAME
[qvto:transformation] Have --Problem.DATA_RECORD.EDIPI
[qvto:transformation] CDRDOD::Problem::DATA_RECORD::CLINICIAN_NAME
[qvto:transformation] invalid
[qvto:transformation] Problem.EDIPI
[qvto:transformation] Looking for -->Problem.EDIPI
[qvto:transformation] Have --Problem.DATA_RECORD.EDIPI
[qvto:transformation] CDRDOD::Problem::DATA_RECORD::EDIPI
[qvto:transformation] invalid
[qvto:transformation] Problem.EVENT_ID
[qvto:transformation] Looking for -->Problem.EVENT_ID
[qvto:transformation] Have --Problem.DATA_RECORD.EDIPI
[qvto:transformation] CDRDOD::Problem::DATA_RECORD::EVENT_ID
[qvto:transformation] invalid
[qvto:transformation] Problem.PROBLEM_MEDCIN
[qvto:transformation] Looking for -->Problem.PROBLEM_MEDCIN
[qvto:transformation] Have --Problem.DATA_RECORD.EDIPI
[qvto:transformation] CDRDOD::Problem::DATA_RECORD::PROBLEM_MEDCIN
[qvto:transformation] invalid
[qvto:transformation] Problem.PROBLEM_COMMENT
[qvto:transformation] Looking for -->Problem.PROBLEM_COMMENT
[qvto:transformation] Have --Problem.DATA_RECORD.EDIPI
[qvto:transformation] CDRDOD::Problem::DATA_RECORD::PROBLEM_COMMENT
[qvto:transformation] invalid
[qvto:transformation] Problem.CLINICIAN_ID_NCID
[qvto:transformation] Looking for -->Problem.CLINICIAN_ID_NCID
[qvto:transformation] Have --Problem.DATA_RECORD.EDIPI
[qvto:transformation] CDRDOD::Problem::DATA_RECORD::CLINICIAN_ID_NCID
[qvto:transformation] invalid
[qvto:transformation] Problem.FACILITY_NCID
[qvto:transformation] Looking for -->Problem.FACILITY_NCID
[qvto:transformation] Have --Problem.DATA_RECORD.EDIPI
[qvto:transformation] CDRDOD::Problem::DATA_RECORD::FACILITY_NCID
[qvto:transformation] invalid
[qvto:transformation] Problem.CHRONICITY_DESCRIPTION_NCID
[qvto:transformation] Looking for -->Problem.CHRONICITY_DESCRIPTION_NCID
[qvto:transformation] Have --Problem.DATA_RECORD.EDIPI
[qvto:transformation] CDRDOD::Problem::DATA_RECORD::CHRONICITY_DESCRIPTION_NCID
[qvto:transformation] invalid
[qvto:transformation] Problem.FACILITY_NAME
[qvto:transformation] Looking for -->Problem.FACILITY_NAME
[qvto:transformation] Have --Problem.DATA_RECORD.EDIPI
[qvto:transformation] CDRDOD::Problem::DATA_RECORD::FACILITY_NAME
[qvto:transformation] invalid
[qvto:transformation] Problem.FETCHEDFROM
[qvto:transformation] Looking for -->Problem.FETCHEDFROM
[qvto:transformation] Have --Problem.DATA_RECORD.EDIPI
[qvto:transformation] CDRDOD::Problem::DATA_RECORD::FETCHEDFROM
[qvto:transformation] invalid
[qvto:transformation] Problem.LAST_MODIFIED_DATE
[qvto:transformation] Looking for -->Problem.LAST_MODIFIED_DATE
[qvto:transformation] Have --Problem.DATA_RECORD.EDIPI
[qvto:transformation] CDRDOD::Problem::DATA_RECORD::LAST_MODIFIED_DATE
[qvto:transformation] invalid
[qvto:transformation] Problem.SITEID
[qvto:transformation] Looking for -->Problem.SITEID
[qvto:transformation] Have --Problem.DATA_RECORD.EDIPI
[qvto:transformation] CDRDOD::Problem::DATA_RECORD::SITEID
[qvto:transformation] invalid
[qvto:transformation] Problem.SOURCE_OF_INFO_NCID
[qvto:transformation] Looking for -->Problem.SOURCE_OF_INFO_NCID
[qvto:transformation] Have --Problem.DATA_RECORD.EDIPI
[qvto:transformation] CDRDOD::Problem::DATA_RECORD::SOURCE_OF_INFO_NCID
[qvto:transformation] invalid
[qvto:transformation] Problem.FETCHEDAT
[qvto:transformation] Looking for -->Problem.FETCHEDAT
[qvto:transformation] Have --Problem.DATA_RECORD.EDIPI
[qvto:transformation] CDRDOD::Problem::DATA_RECORD::FETCHEDAT
[qvto:transformation] invalid
[qvto:transformation] Problem.ICD9_CODE
[qvto:transformation] Looking for -->Problem.ICD9_CODE
[qvto:transformation] Have --Problem.DATA_RECORD.EDIPI
[qvto:transformation] CDRDOD::Problem::DATA_RECORD::ICD9_CODE
[qvto:transformation] invalid
[qvto:transformation] Problem.EVENT_START_TIME
[qvto:transformation] Looking for -->Problem.EVENT_START_TIME
[qvto:transformation] Have --Problem.DATA_RECORD.EDIPI
[qvto:transformation] CDRDOD::Problem::DATA_RECORD::EVENT_START_TIME
[qvto:transformation] invalid
[qvto:transformation] Problem.DMIS_ID
[qvto:transformation] Looking for -->Problem.DMIS_ID
[qvto:transformation] Have --Problem.DATA_RECORD.EDIPI
[qvto:transformation] CDRDOD::Problem::DATA_RECORD::DMIS_ID
[qvto:transformation] invalid
[qvto:transformation] Problem.FETCHEDWITH
[qvto:transformation] Looking for -->Problem.FETCHEDWITH
[qvto:transformation] Have --Problem.DATA_RECORD.EDIPI
[qvto:transformation] CDRDOD::Problem::DATA_RECORD::FETCHEDWITH
[qvto:transformation] invalid
[qvto:transformation] Problem.SOURCESYSTEM
[qvto:transformation] Looking for -->Problem.SOURCESYSTEM
[qvto:transformation] Have --Problem.DATA_RECORD.EDIPI
[qvto:transformation] CDRDOD::Problem::DATA_RECORD::SOURCESYSTEM
[qvto:transformation] invalid
[qvto:transformation] Problem.PROBLEM_NCID
[qvto:transformation] Looking for -->Problem.PROBLEM_NCID
[qvto:transformation] Have --Problem.DATA_RECORD.EDIPI
[qvto:transformation] CDRDOD::Problem::DATA_RECORD::PROBLEM_NCID
[qvto:transformation] invalid
[qvto:transformation] Transformation 'platform:/plugin/org.mdmi.qvt.transforms/transforms/dodcdr2mdmi.qvto' has been executed
